Starting script
Loading conda
Conda activated
/home/esrf/cameron15a/miniforge3/envs/ks_seg_dask/bin/python
Python 3.10.18
Launching script
Starting job on hpc6-[35-36]
Metadata from /home/esrf/cameron15a/Desktop/python/inputs/Real_05_01/seg_param_0007.txt
Processing Stone Real_05_01_0007
Worker 0 ready
Clearing directories in /data/visitor/me1663/id19/20240227/SEGMENTATION/Real_05_01_multinode/labels/Real_05_01_0007
19 [64, 64]
Reading 10 files using 64 cores
Sample shape and type: (3879, 3879) uint16
Worker 1 ready
Reading 9 files using 64 cores
Sample shape and type: (3879, 3879) uint16
Worker 1 gaussian complete
Creating GMM
Predicting values...
Remapping and sorting...
Rebuild label volume...
Label vol complete
Stone segmentation complete...
Creating GMM
Predicting values...
Remapping and sorting...
Rebuild label volume...
Label vol complete
Estimating surface area (6-conn.)...
Detected 13249202 faces.
Writing to path: /data/visitor/me1663/id19/20240227/SEGMENTATION/Real_05_01_multinode/labels/Real_05_01_0007
Worker 0 gaussian complete
Creating GMM
Predicting values...
Remapping and sorting...
Rebuild label volume...
Label vol complete
Stone segmentation complete...
Creating GMM
Predicting values...
Remapping and sorting...
Rebuild label volume...
Label vol complete
Estimating surface area (6-conn.)...
Detected 13743196 faces.
Writing to path: /data/visitor/me1663/id19/20240227/SEGMENTATION/Real_05_01_multinode/labels/Real_05_01_0007
Worker 1: All files written
Node 1 completed in 75.55662393569946 seconds
Worker 0: All files written
Node 0 completed in 83.50883650779724 seconds
Total surface area (mm^2): 124.7194889201846
Total faces detected: 26992398
