Starting script
Loading conda
Conda activated
/home/esrf/cameron15a/miniforge3/envs/ks_seg_dask/bin/python
Python 3.10.18
Launching script
Starting job on hpc3-[2101-2102],hpc6-[06-08,40]
Reading 38 files using 64 cores
Sample shape and type: (3879, 3879) uint16
Beginning processing on 2
Reading 39 files using 64 cores
Sample shape and type: (3879, 3879) uint16
Beginning processing on 5
Reading 38 files using 64 cores
Sample shape and type: (3879, 3879) uint16
Beginning processing on 4
Reading 38 files using 64 cores
Sample shape and type: (3879, 3879) uint16
Beginning processing on 3
Reading 17 files using 28 cores
Sample shape and type: (3879, 3879) uint16
Beginning processing on 1
Metadata from /home/esrf/cameron15a/Desktop/python/inputs/Real_05_01/seg_param_0007.txt
Processing Stone Real_05_01_0007
Clearing directories in /data/visitor/me1663/id19/20240227/SEGMENTATION/Real_05_01_multinode/labels/Real_05_01_0007
187 [28, 28, 64, 64, 64, 64]
Reading 17 files using 28 cores
Sample shape and type: (3879, 3879) uint16
Beginning processing on 0
Max: 0.984108030796051 | Min: 0.09412327408790588
Detected 13530212 faces.
Worker 0 gaussian complete
Completed stone
Max: 0.9588555693626404 | Min: 0.040436744689941406
Detected 12273234 faces.
Worker 1 gaussian complete
Max: 0.9634960293769836 | Min: 0.031123146414756775
Detected 12409790 faces.
Worker 2 gaussian complete
Max: 0.9071692824363708 | Min: 0.05763843655586243
Detected 12478858 faces.
Worker 5 gaussian complete
Max: 0.938005268573761 | Min: 0.039587464183568954
Detected 12407122 faces.
Worker 4 gaussian complete
Max: 0.9189319610595703 | Min: 0.04666552320122719
Detected 12395934 faces.
Worker 3 gaussian complete
