Starting script
Loading conda
Conda activated
/home/esrf/cameron15a/miniforge3/envs/ks_seg_dask/bin/python
Python 3.10.18
Launching script
Starting job on hpc5-[0501-0504,0601,0701],hpc6-[07-08,35-40],hpc7-65
Worker 12 ready
Reading 126 files using 64 cores
Sample shape and type: (3877, 3877) uint16
Worker 14 ready
Reading 377 files using 192 cores
Sample shape and type: (3877, 3877) uint16
Worker 9 ready
Reading 126 files using 64 cores
Sample shape and type: (3877, 3877) uint16
Metadata from /home/esrf/cameron15a/Desktop/python/inputs/Real_05_01/seg_param_0005.txt
Processing Stone Real_05_01_0005
Worker 0 ready
Clearing directories in /data/visitor/me1663/id19/20240227/SEGMENTATION/Real_05_01_multinode/labels/Real_05_01_0005
1854 [40, 40, 40, 40, 40, 40, 64, 64, 64, 64, 64, 64, 64, 64, 192]
Reading 79 files using 40 cores
Sample shape and type: (3877, 3877) uint16
Worker 4 ready
Reading 78 files using 40 cores
Sample shape and type: (3877, 3877) uint16
Worker 3 ready
Reading 79 files using 40 cores
Sample shape and type: (3877, 3877) uint16
Worker 1 ready
Reading 79 files using 40 cores
Sample shape and type: (3877, 3877) uint16
Worker 6 ready
Reading 125 files using 64 cores
Sample shape and type: (3877, 3877) uint16
Worker 7 ready
Reading 126 files using 64 cores
Sample shape and type: (3877, 3877) uint16
Worker 13 ready
Reading 126 files using 64 cores
Sample shape and type: (3877, 3877) uint16
Worker 8 ready
Reading 126 files using 64 cores
Sample shape and type: (3877, 3877) uint16
Worker 11 ready
Reading 125 files using 64 cores
Sample shape and type: (3877, 3877) uint16
Worker 10 ready
Reading 125 files using 64 cores
Sample shape and type: (3877, 3877) uint16
Worker 2 ready
Reading 79 files using 40 cores
Sample shape and type: (3877, 3877) uint16
Worker 5 ready
Reading 78 files using 40 cores
Sample shape and type: (3877, 3877) uint16
Worker 4 gaussian complete
Creating GMM
Predicting values...
Remapping and sorting...
Rebuild label volume...
Label vol complete
Stone segmentation complete...
Creating GMM
Predicting values...
Remapping and sorting...
Rebuild label volume...
Label vol complete
Estimating surface area (6-conn.)...
Detected 61382556 faces.
Writing to path: /data/visitor/me1663/id19/20240227/SEGMENTATION/Real_05_01_multinode/labels/Real_05_01_0005
Worker 5 gaussian complete
Creating GMM
Predicting values...
Remapping and sorting...
Rebuild label volume...
Label vol complete
Stone segmentation complete...
Creating GMM
Predicting values...
Remapping and sorting...
Rebuild label volume...
Label vol complete
Estimating surface area (6-conn.)...
Detected 65089358 faces.
Writing to path: /data/visitor/me1663/id19/20240227/SEGMENTATION/Real_05_01_multinode/labels/Real_05_01_0005
Worker 3 gaussian complete
Creating GMM
Predicting values...
Remapping and sorting...
Rebuild label volume...
Label vol complete
Stone segmentation complete...
Creating GMM
Predicting values...
Remapping and sorting...
Rebuild label volume...
Label vol complete
Estimating surface area (6-conn.)...
Detected 62345560 faces.
Writing to path: /data/visitor/me1663/id19/20240227/SEGMENTATION/Real_05_01_multinode/labels/Real_05_01_0005
Worker 2 gaussian complete
Creating GMM
Predicting values...
Remapping and sorting...
Rebuild label volume...
Label vol complete
Stone segmentation complete...
Creating GMM
Predicting values...
Remapping and sorting...
Rebuild label volume...
Label vol complete
Estimating surface area (6-conn.)...
Detected 66311628 faces.
Writing to path: /data/visitor/me1663/id19/20240227/SEGMENTATION/Real_05_01_multinode/labels/Real_05_01_0005
Worker 0 gaussian complete
Creating GMM
Predicting values...
Remapping and sorting...
Rebuild label volume...
Label vol complete
Stone segmentation complete...
Creating GMM
Predicting values...
Remapping and sorting...
Rebuild label volume...
Label vol complete
Estimating surface area (6-conn.)...
Detected 62430992 faces.
Writing to path: /data/visitor/me1663/id19/20240227/SEGMENTATION/Real_05_01_multinode/labels/Real_05_01_0005
Worker 1 gaussian complete
Creating GMM
Predicting values...
Remapping and sorting...
Rebuild label volume...
Label vol complete
Stone segmentation complete...
Creating GMM
Predicting values...
Remapping and sorting...
Rebuild label volume...
Label vol complete
Estimating surface area (6-conn.)...
Detected 62690742 faces.
Writing to path: /data/visitor/me1663/id19/20240227/SEGMENTATION/Real_05_01_multinode/labels/Real_05_01_0005
Worker 10 gaussian complete
Creating GMM
Predicting values...
Remapping and sorting...
Rebuild label volume...
Label vol complete
Stone segmentation complete...
Creating GMM
Predicting values...
Remapping and sorting...
Rebuild label volume...
Label vol complete
Estimating surface area (6-conn.)...
Detected 89757462 faces.
Writing to path: /data/visitor/me1663/id19/20240227/SEGMENTATION/Real_05_01_multinode/labels/Real_05_01_0005
Worker 6 gaussian complete
Creating GMM
Predicting values...
Remapping and sorting...
Rebuild label volume...
Label vol complete
Stone segmentation complete...
Creating GMM
Predicting values...
Remapping and sorting...
Rebuild label volume...
Label vol complete
Estimating surface area (6-conn.)...
Detected 85332412 faces.
Writing to path: /data/visitor/me1663/id19/20240227/SEGMENTATION/Real_05_01_multinode/labels/Real_05_01_0005
Worker 11 gaussian complete
Creating GMM
Predicting values...
Remapping and sorting...
Rebuild label volume...
Label vol complete
Stone segmentation complete...
Creating GMM
Predicting values...
Remapping and sorting...
Rebuild label volume...
Label vol complete
Estimating surface area (6-conn.)...
Detected 84069192 faces.
Writing to path: /data/visitor/me1663/id19/20240227/SEGMENTATION/Real_05_01_multinode/labels/Real_05_01_0005
Worker 8 gaussian complete
Creating GMM
Predicting values...
Remapping and sorting...
Rebuild label volume...
Label vol complete
Stone segmentation complete...
Creating GMM
Predicting values...
Remapping and sorting...
Rebuild label volume...
Label vol complete
Estimating surface area (6-conn.)...
Detected 89502734 faces.
Writing to path: /data/visitor/me1663/id19/20240227/SEGMENTATION/Real_05_01_multinode/labels/Real_05_01_0005
Worker 12 gaussian complete
Creating GMM
Predicting values...
Remapping and sorting...
Rebuild label volume...
Label vol complete
Stone segmentation complete...
Creating GMM
Predicting values...
Remapping and sorting...
Rebuild label volume...
Label vol complete
Estimating surface area (6-conn.)...
Detected 87302220 faces.
Writing to path: /data/visitor/me1663/id19/20240227/SEGMENTATION/Real_05_01_multinode/labels/Real_05_01_0005
Worker 9 gaussian complete
Creating GMM
Predicting values...
Remapping and sorting...
Rebuild label volume...
Label vol complete
Stone segmentation complete...
Creating GMM
Predicting values...
Remapping and sorting...
Rebuild label volume...
Label vol complete
Estimating surface area (6-conn.)...
Detected 88490886 faces.
Writing to path: /data/visitor/me1663/id19/20240227/SEGMENTATION/Real_05_01_multinode/labels/Real_05_01_0005
Worker 13 gaussian complete
Creating GMM
Predicting values...
Remapping and sorting...
Rebuild label volume...
Label vol complete
Stone segmentation complete...
Creating GMM
Predicting values...
Remapping and sorting...
Rebuild label volume...
Label vol complete
Estimating surface area (6-conn.)...
Detected 90974652 faces.
Writing to path: /data/visitor/me1663/id19/20240227/SEGMENTATION/Real_05_01_multinode/labels/Real_05_01_0005
Worker 7 gaussian complete
Creating GMM
Predicting values...
Remapping and sorting...
Rebuild label volume...
Label vol complete
Stone segmentation complete...
Creating GMM
Predicting values...
Remapping and sorting...
Rebuild label volume...
Label vol complete
Estimating surface area (6-conn.)...
Detected 87077678 faces.
Writing to path: /data/visitor/me1663/id19/20240227/SEGMENTATION/Real_05_01_multinode/labels/Real_05_01_0005
