Starting script
Loading conda
Conda activated
/home/esrf/cameron15a/miniforge3/envs/ks_seg_dask/bin/python
Python 3.10.18
Launching script
Starting job on hpc6-38
Metadata from /home/esrf/cameron15a/Desktop/python/inputs/Real_05_01/seg_param_0007.txt
Processing Stone Real_05_01_0007
Worker 0 ready
Clearing directories in /data/visitor/me1663/id19/20240227/SEGMENTATION/Real_05_01_multinode/labels/Real_05_01_0007
19 [64]
Reading 19 files using 64 cores
Sample shape and type: (3879, 3879) uint16
Max: 0.9642885327339172 | Min: 0.030397731810808182
Worker 0 gaussian complete
Creating GMM
Predicting values...
Remapping and sorting...
Rebuild label volume...
Label vol complete
Stone segmentation complete...
Creating GMM
Predicting values...
Remapping and sorting...
Rebuild label volume...
Label vol complete
Estimating surface area (6-conn.)...
Detected 22053048 faces.
Writing to path: /data/visitor/me1663/id19/20240227/SEGMENTATION/Real_05_01_multinode/labels/Real_05_01_0007
Worker 0: All files written
Node 0 completed in 163.94467067718506 seconds
Total surface area (mm^2): 101.89701840096974
Total faces detected: 22053048
