Starting script
Loading conda
Conda activated
/home/esrf/cameron15a/miniconda/envs/kidneystone_seg/bin/python
Python 3.10.18
Launching script
Starting job on hpc6-[06-08,32-33,35-40],hpc7-03
Worker 11 ready
Node 11 is processing slices 1901 - 2160...
Reading 259 files using 96 cores
Masking dataset...
Masks computed in 176.72 seconds
Stretching histogram...
Histogram stretched in 33.27436566352844 seconds
Creating dask array to write inside...
Mapping blocks...
Computing labels with 96 cores
Remapping and sorting...
Inserting into full volume...
Stone segmentation complete...
Segmenting fluids...
Creating dask array to write inside...
Mapping blocks...
Computing labels with 96 cores
Remapping and sorting...
Inserting into full volume...
Sorting labels in ascending order...
Estimating surface area (6-conn.)...
Detected 34381290 faces.
Writing to path: /data/visitor/me1663/id19/20240227/SEGMENTATION/Real_05_01_multinode/labels/Real_05_01_0001/
Node 11 completed in 411.1865658760071 seconds
Worker 8 ready
Node 8 is processing slices 1384 - 1557...
Reading 173 files using 64 cores
Masking dataset...
Masks computed in 159.69 seconds
Stretching histogram...
Histogram stretched in 28.32236886024475 seconds
Creating dask array to write inside...
Mapping blocks...
Computing labels with 64 cores
Remapping and sorting...
Inserting into full volume...
Stone segmentation complete...
Segmenting fluids...
Creating dask array to write inside...
Mapping blocks...
Computing labels with 64 cores
Remapping and sorting...
Inserting into full volume...
Sorting labels in ascending order...
Estimating surface area (6-conn.)...
Detected 101294004 faces.
Writing to path: /data/visitor/me1663/id19/20240227/SEGMENTATION/Real_05_01_multinode/labels/Real_05_01_0001/
Node 8 completed in 377.6970636844635 seconds
Worker 6 ready
Node 6 is processing slices 1038 - 1211...
Reading 173 files using 64 cores
Masking dataset...
Masks computed in 160.05 seconds
Stretching histogram...
Histogram stretched in 25.92384672164917 seconds
Creating dask array to write inside...
Mapping blocks...
Computing labels with 64 cores
Remapping and sorting...
Inserting into full volume...
Stone segmentation complete...
Segmenting fluids...
Creating dask array to write inside...
Mapping blocks...
Computing labels with 64 cores
Remapping and sorting...
Inserting into full volume...
Sorting labels in ascending order...
Estimating surface area (6-conn.)...
Detected 110317018 faces.
Writing to path: /data/visitor/me1663/id19/20240227/SEGMENTATION/Real_05_01_multinode/labels/Real_05_01_0001/
Node 6 completed in 368.7362027168274 seconds
Worker 10 ready
Node 10 is processing slices 1729 - 1901...
Reading 172 files using 64 cores
Masking dataset...
Masks computed in 148.02 seconds
Stretching histogram...
Histogram stretched in 28.946526288986206 seconds
Creating dask array to write inside...
Mapping blocks...
Computing labels with 64 cores
Remapping and sorting...
Inserting into full volume...
Stone segmentation complete...
Segmenting fluids...
Creating dask array to write inside...
Mapping blocks...
Computing labels with 64 cores
Remapping and sorting...
Inserting into full volume...
Sorting labels in ascending order...
Estimating surface area (6-conn.)...
Detected 119147712 faces.
Writing to path: /data/visitor/me1663/id19/20240227/SEGMENTATION/Real_05_01_multinode/labels/Real_05_01_0001/
Node 10 completed in 327.4865138530731 seconds
Worker 2 ready
Node 2 is processing slices 346 - 519...
Reading 173 files using 64 cores
Masking dataset...
Masks computed in 120.88 seconds
Stretching histogram...
Histogram stretched in 31.464060306549072 seconds
Creating dask array to write inside...
Mapping blocks...
Computing labels with 64 cores
Remapping and sorting...
Inserting into full volume...
Stone segmentation complete...
Segmenting fluids...
Creating dask array to write inside...
Mapping blocks...
Computing labels with 64 cores
Remapping and sorting...
Inserting into full volume...
Sorting labels in ascending order...
Estimating surface area (6-conn.)...
Detected 338949438 faces.
Writing to path: /data/visitor/me1663/id19/20240227/SEGMENTATION/Real_05_01_multinode/labels/Real_05_01_0001/
Node 2 completed in 544.8325817584991 seconds
Worker 7 ready
Node 7 is processing slices 1211 - 1384...
Reading 173 files using 64 cores
Masking dataset...
Masks computed in 160.83 seconds
Stretching histogram...
Histogram stretched in 26.115719079971313 seconds
Creating dask array to write inside...
Mapping blocks...
Computing labels with 64 cores
Remapping and sorting...
Inserting into full volume...
Stone segmentation complete...
Segmenting fluids...
Creating dask array to write inside...
Mapping blocks...
Computing labels with 64 cores
Remapping and sorting...
Inserting into full volume...
Sorting labels in ascending order...
Estimating surface area (6-conn.)...
Detected 148267274 faces.
Writing to path: /data/visitor/me1663/id19/20240227/SEGMENTATION/Real_05_01_multinode/labels/Real_05_01_0001/
Node 7 completed in 385.82113695144653 seconds
Worker 3 ready
Node 3 is processing slices 519 - 692...
Reading 173 files using 64 cores
Masking dataset...
Masks computed in 144.32 seconds
Stretching histogram...
Histogram stretched in 28.795046091079712 seconds
Creating dask array to write inside...
Mapping blocks...
Computing labels with 64 cores
Remapping and sorting...
Inserting into full volume...
Stone segmentation complete...
Segmenting fluids...
Creating dask array to write inside...
Mapping blocks...
Computing labels with 64 cores
Remapping and sorting...
Inserting into full volume...
Sorting labels in ascending order...
Estimating surface area (6-conn.)...
Detected 24700846 faces.
Writing to path: /data/visitor/me1663/id19/20240227/SEGMENTATION/Real_05_01_multinode/labels/Real_05_01_0001/
Node 3 completed in 245.06182384490967 seconds
Worker 4 ready
Node 4 is processing slices 692 - 865...
Reading 173 files using 64 cores
Masking dataset...
Masks computed in 158.83 seconds
Stretching histogram...
Histogram stretched in 30.820472478866577 seconds
Creating dask array to write inside...
Mapping blocks...
Computing labels with 64 cores
Remapping and sorting...
Inserting into full volume...
Stone segmentation complete...
Segmenting fluids...
Creating dask array to write inside...
Mapping blocks...
Computing labels with 64 cores
Remapping and sorting...
Inserting into full volume...
Sorting labels in ascending order...
Estimating surface area (6-conn.)...
Detected 62674320 faces.
Writing to path: /data/visitor/me1663/id19/20240227/SEGMENTATION/Real_05_01_multinode/labels/Real_05_01_0001/
Node 4 completed in 303.3452615737915 seconds
Worker 1 ready
Node 1 is processing slices 173 - 346...
Reading 173 files using 64 cores
Masking dataset...
Masks computed in 117.43 seconds
Stretching histogram...
Histogram stretched in 30.352550506591797 seconds
Creating dask array to write inside...
Mapping blocks...
Computing labels with 64 cores
Remapping and sorting...
Inserting into full volume...
Stone segmentation complete...
Segmenting fluids...
Creating dask array to write inside...
Mapping blocks...
Computing labels with 64 cores
Remapping and sorting...
Inserting into full volume...
Sorting labels in ascending order...
Estimating surface area (6-conn.)...
Detected 528943334 faces.
Writing to path: /data/visitor/me1663/id19/20240227/SEGMENTATION/Real_05_01_multinode/labels/Real_05_01_0001/
Node 1 completed in 579.6242201328278 seconds
Worker 9 ready
Node 9 is processing slices 1557 - 1729...
Reading 172 files using 64 cores
Masking dataset...
Masks computed in 156.95 seconds
Stretching histogram...
Histogram stretched in 29.455607175827026 seconds
Creating dask array to write inside...
Mapping blocks...
Computing labels with 64 cores
Remapping and sorting...
Inserting into full volume...
Stone segmentation complete...
Segmenting fluids...
Creating dask array to write inside...
Mapping blocks...
Computing labels with 64 cores
Remapping and sorting...
Inserting into full volume...
Sorting labels in ascending order...
Estimating surface area (6-conn.)...
Detected 101850562 faces.
Writing to path: /data/visitor/me1663/id19/20240227/SEGMENTATION/Real_05_01_multinode/labels/Real_05_01_0001/
Node 9 completed in 354.4897150993347 seconds
Worker 5 ready
Node 5 is processing slices 865 - 1038...
Reading 173 files using 64 cores
Masking dataset...
Masks computed in 164.24 seconds
Stretching histogram...
Histogram stretched in 30.757692337036133 seconds
Creating dask array to write inside...
Mapping blocks...
Computing labels with 64 cores
Remapping and sorting...
Inserting into full volume...
Stone segmentation complete...
Segmenting fluids...
Creating dask array to write inside...
Mapping blocks...
Computing labels with 64 cores
Remapping and sorting...
Inserting into full volume...
Sorting labels in ascending order...
Estimating surface area (6-conn.)...
Detected 82398352 faces.
Writing to path: /data/visitor/me1663/id19/20240227/SEGMENTATION/Real_05_01_multinode/labels/Real_05_01_0001/
Node 5 completed in 349.1644129753113 seconds
Worker 0 ready
Clearing directory /data/visitor/me1663/id19/20240227/SEGMENTATION/Real_05_01_multinode/labels/Real_05_01_0001/
Node 0 is processing slices 0 - 173...
Reading 173 files using 64 cores
Masking dataset...
Masks computed in 108.79 seconds
Stretching histogram...
Histogram stretched in 29.910898208618164 seconds
Creating dask array to write inside...
Mapping blocks...
Computing labels with 64 cores
Remapping and sorting...
Inserting into full volume...
Stone segmentation complete...
Segmenting fluids...
Creating dask array to write inside...
Mapping blocks...
Computing labels with 64 cores
Remapping and sorting...
Inserting into full volume...
Sorting labels in ascending order...
Estimating surface area (6-conn.)...
Detected 789781110 faces.
Writing to path: /data/visitor/me1663/id19/20240227/SEGMENTATION/Real_05_01_multinode/labels/Real_05_01_0001/
Node 0 completed in 573.9895191192627 seconds
Total surface area (mm^2): 11286.620462911322
