Starting script
Loading conda
Conda activated
/home/esrf/cameron15a/miniconda/envs/kidneystone_seg/bin/python
Python 3.10.18
Launching script
Starting job on hpc6-[08,33,38]
Worker 1 ready
Node 1 is processing slices 34 - 67...
Reading 33 files using 64 cores
Masking dataset...
Masks computed in 23.28 seconds
Tomo shape: (33, 3875, 3875)
Mask shape: (33, 3875, 3875)
Traceback (most recent call last):
  File "/home/esrf/cameron15a/Desktop/python/scripts/SWL_seg_multinode_parallel/main_multinode.py", line 69, in <module>
    main()
  File "/home/esrf/cameron15a/Desktop/python/scripts/SWL_seg_multinode_parallel/main_multinode.py", line 58, in main
    surface_area_mm2 = process_pipeline_dist(*task_args)
  File "/home/esrf/cameron15a/Desktop/python/scripts/SWL_seg_multinode_parallel/pipeline.py", line 132, in process_pipeline_dist
    gmm_stone_labeled,gmm_stone_model = gaussian_mix_dask(node_stack,node_mask,n_classes=2)
  File "/home/esrf/cameron15a/Desktop/python/scripts/SWL_seg_multinode_parallel/segmentation.py", line 37, in gaussian_mix_dask
    values = masked_vals[~np.isnan(masked_vals)].reshape(-1,1)
  File "/home/esrf/cameron15a/miniconda/envs/kidneystone_seg/lib/python3.10/site-packages/dask/array/core.py", line 1728, in reshape
    return reshape(self, shape)
  File "/home/esrf/cameron15a/miniconda/envs/kidneystone_seg/lib/python3.10/site-packages/dask/array/reshape.py", line 168, in reshape
    missing_size = sanitize_index(x.size / reduce(mul, known_sizes, 1))
  File "/home/esrf/cameron15a/miniconda/envs/kidneystone_seg/lib/python3.10/site-packages/dask/array/slicing.py", line 61, in sanitize_index
    return _sanitize_index_element(ind)
  File "/home/esrf/cameron15a/miniconda/envs/kidneystone_seg/lib/python3.10/site-packages/dask/array/slicing.py", line 21, in _sanitize_index_element
    ind2 = int(ind)
ValueError: cannot convert float NaN to integer
srun: error: hpc6-33: task 1: Exited with exit code 1
Worker 2 ready
Node 2 is processing slices 67 - 100...
Reading 33 files using 64 cores
Masking dataset...
Masks computed in 25.47 seconds
Tomo shape: (33, 3875, 3875)
Mask shape: (33, 3875, 3875)
Traceback (most recent call last):
  File "/home/esrf/cameron15a/Desktop/python/scripts/SWL_seg_multinode_parallel/main_multinode.py", line 69, in <module>
    main()
  File "/home/esrf/cameron15a/Desktop/python/scripts/SWL_seg_multinode_parallel/main_multinode.py", line 58, in main
    surface_area_mm2 = process_pipeline_dist(*task_args)
  File "/home/esrf/cameron15a/Desktop/python/scripts/SWL_seg_multinode_parallel/pipeline.py", line 132, in process_pipeline_dist
    gmm_stone_labeled,gmm_stone_model = gaussian_mix_dask(node_stack,node_mask,n_classes=2)
  File "/home/esrf/cameron15a/Desktop/python/scripts/SWL_seg_multinode_parallel/segmentation.py", line 37, in gaussian_mix_dask
    values = masked_vals[~np.isnan(masked_vals)].reshape(-1,1)
  File "/home/esrf/cameron15a/miniconda/envs/kidneystone_seg/lib/python3.10/site-packages/dask/array/core.py", line 1728, in reshape
    return reshape(self, shape)
  File "/home/esrf/cameron15a/miniconda/envs/kidneystone_seg/lib/python3.10/site-packages/dask/array/reshape.py", line 168, in reshape
    missing_size = sanitize_index(x.size / reduce(mul, known_sizes, 1))
  File "/home/esrf/cameron15a/miniconda/envs/kidneystone_seg/lib/python3.10/site-packages/dask/array/slicing.py", line 61, in sanitize_index
    return _sanitize_index_element(ind)
  File "/home/esrf/cameron15a/miniconda/envs/kidneystone_seg/lib/python3.10/site-packages/dask/array/slicing.py", line 21, in _sanitize_index_element
    ind2 = int(ind)
ValueError: cannot convert float NaN to integer
srun: error: hpc6-38: task 2: Exited with exit code 1
Worker 0 ready
Clearing directory /data/visitor/me1663/id19/20240227/SEGMENTATION/Real_05_01_multinode/labels/test_Real_05_01_0001/
Node 0 is processing slices 0 - 34...
Reading 34 files using 64 cores
Masking dataset...
Masks computed in 26.82 seconds
Tomo shape: (34, 3875, 3875)
Mask shape: (34, 3875, 3875)
Traceback (most recent call last):
  File "/home/esrf/cameron15a/Desktop/python/scripts/SWL_seg_multinode_parallel/main_multinode.py", line 69, in <module>
    main()
  File "/home/esrf/cameron15a/Desktop/python/scripts/SWL_seg_multinode_parallel/main_multinode.py", line 58, in main
    surface_area_mm2 = process_pipeline_dist(*task_args)
  File "/home/esrf/cameron15a/Desktop/python/scripts/SWL_seg_multinode_parallel/pipeline.py", line 132, in process_pipeline_dist
    gmm_stone_labeled,gmm_stone_model = gaussian_mix_dask(node_stack,node_mask,n_classes=2)
  File "/home/esrf/cameron15a/Desktop/python/scripts/SWL_seg_multinode_parallel/segmentation.py", line 37, in gaussian_mix_dask
    values = masked_vals[~np.isnan(masked_vals)].reshape(-1,1)
  File "/home/esrf/cameron15a/miniconda/envs/kidneystone_seg/lib/python3.10/site-packages/dask/array/core.py", line 1728, in reshape
    return reshape(self, shape)
  File "/home/esrf/cameron15a/miniconda/envs/kidneystone_seg/lib/python3.10/site-packages/dask/array/reshape.py", line 168, in reshape
    missing_size = sanitize_index(x.size / reduce(mul, known_sizes, 1))
  File "/home/esrf/cameron15a/miniconda/envs/kidneystone_seg/lib/python3.10/site-packages/dask/array/slicing.py", line 61, in sanitize_index
    return _sanitize_index_element(ind)
  File "/home/esrf/cameron15a/miniconda/envs/kidneystone_seg/lib/python3.10/site-packages/dask/array/slicing.py", line 21, in _sanitize_index_element
    ind2 = int(ind)
ValueError: cannot convert float NaN to integer
srun: error: hpc6-08: task 0: Exited with exit code 1
